2025-03-26 21:49:59,441 [Worker-8: Loading available Gradle versions] INFO  o.e.b.c.i.u.g.PublishedGradleVersions - Gradle version information cache is up-to-date. Trying to read.
2025-03-26 21:57:55,754 [Worker-22: Building] INFO  o.e.m.c.i.l.LifecycleMappingFactory - Using org.maven.ide.eclipse.wtp.WarLifecycleMapping lifecycle mapping for MavenProject: com.ay:Advancejava_project:0.0.1-SNAPSHOT @ E:\Personal_Project\01_Air_Line_Ticket_Project\pom.xml.
2025-03-26 21:58:26,869 [Worker-22: Building] INFO  o.e.m.c.i.e.AbstractTransferListenerAdapter - Downloaded https://repo.maven.apache.org/maven2/javax/servlet/javax.servlet-api/4.0.1/javax.servlet-api-4.0.1.pom
2025-03-26 21:58:56,905 [Worker-22: Building] INFO  o.e.m.c.i.e.AbstractTransferListenerAdapter - Downloading https://repo.maven.apache.org/maven2/com/oracle/database/jdbc/ojdbc8/21.5.0.0/ojdbc8-21.5.0.0.pom
2025-03-26 21:58:56,978 [Worker-22: Building] INFO  o.e.m.c.i.e.AbstractTransferListenerAdapter - Downloaded https://repo.maven.apache.org/maven2/com/oracle/database/jdbc/ojdbc8/21.5.0.0/ojdbc8-21.5.0.0.pom
2025-03-26 21:59:30,428 [Worker-22: Building] INFO  o.a.http.impl.execchain.RetryExec - I/O exception (java.net.SocketException) caught when processing request to {s}->https://repo.maven.apache.org:443: Connection reset
2025-03-26 21:59:30,429 [Worker-22: Building] INFO  o.a.http.impl.execchain.RetryExec - Retrying request to {s}->https://repo.maven.apache.org:443
2025-03-26 21:59:30,809 [Worker-22: Building] INFO  o.e.m.c.i.e.AbstractTransferListenerAdapter - Downloaded https://repo.maven.apache.org/maven2/javax/servlet/javax.servlet-api/4.0.1/javax.servlet-api-4.0.1.jar
2025-03-26 21:59:30,812 [BasicRepositoryConnector-repo.maven.apache.org-0-0] INFO  o.e.m.c.i.e.AbstractTransferListenerAdapter - Downloaded https://repo.maven.apache.org/maven2/com/oracle/database/jdbc/ojdbc8/21.5.0.0/ojdbc8-21.5.0.0.jar
2025-03-26 21:59:34,864 [Worker-22: Building] WARN  o.a.m.s.f.DefaultMavenResourcesFiltering - Using platform encoding (UTF-8 actually) to copy filtered resources, i.e. build is platform dependent!
2025-03-26 21:59:34,874 [Worker-22: Building] INFO  o.a.m.s.f.DefaultMavenResourcesFiltering - Copying 0 resource from src\main\resources to target\classes
2025-03-26 21:59:34,885 [Worker-22: Building] WARN  o.a.m.s.f.DefaultMavenResourcesFiltering - Using platform encoding (UTF-8 actually) to copy filtered resources, i.e. build is platform dependent!
2025-03-26 21:59:34,886 [Worker-22: Building] INFO  o.a.m.s.f.DefaultMavenResourcesFiltering - Copying 0 resource from src\test\resources to target\test-classes
2025-03-26 21:59:35,658 [Worker-10: Download sources and javadoc] INFO  o.e.m.c.i.e.AbstractTransferListenerAdapter - Downloaded https://repo.maven.apache.org/maven2/javax/servlet/javax.servlet-api/4.0.1/javax.servlet-api-4.0.1-sources.jar
2025-03-26 21:59:35,682 [Worker-10: Download sources and javadoc] ERROR o.e.m.j.internal.DownloadSourcesJob - Could not download sources for javax.servlet:javax.servlet-api:4.0.1
org.eclipse.core.runtime.CoreException: Could not resolve artifact javax.servlet:javax.servlet-api:jar:sources:4.0.1
	at org.eclipse.m2e.core.internal.embedder.MavenImpl.lambda$7(MavenImpl.java:540)
	at org.eclipse.m2e.core.internal.embedder.MavenExecutionContext.executeBare(MavenExecutionContext.java:458)
	at org.eclipse.m2e.core.internal.embedder.MavenExecutionContext.execute(MavenExecutionContext.java:292)
	at org.eclipse.m2e.core.internal.embedder.MavenExecutionContext.execute(MavenExecutionContext.java:278)
	at org.eclipse.m2e.core.internal.embedder.MavenImpl.resolve(MavenImpl.java:509)
	at org.eclipse.m2e.core.internal.embedder.MavenImpl.resolve(MavenImpl.java:494)
	at org.eclipse.m2e.jdt.internal.DownloadSourcesJob.download(DownloadSourcesJob.java:308)
	at org.eclipse.m2e.jdt.internal.DownloadSourcesJob.downloadAttachments(DownloadSourcesJob.java:282)
	at org.eclipse.m2e.jdt.internal.DownloadSourcesJob.downloadMaven(DownloadSourcesJob.java:252)
	at org.eclipse.m2e.jdt.internal.DownloadSourcesJob.downloadFilesAndPopulateToUpdate(DownloadSourcesJob.java:220)
	at org.eclipse.m2e.jdt.internal.DownloadSourcesJob.lambda$0(DownloadSourcesJob.java:149)
	at org.eclipse.m2e.core.internal.embedder.MavenExecutionContext.executeBare(MavenExecutionContext.java:458)
	at org.eclipse.m2e.core.internal.embedder.MavenExecutionContext.execute(MavenExecutionContext.java:339)
	at org.eclipse.m2e.core.internal.embedder.MavenExecutionContext.execute(MavenExecutionContext.java:278)
	at org.eclipse.m2e.core.embedder.IMaven.execute(IMaven.java:300)
	at org.eclipse.m2e.jdt.internal.DownloadSourcesJob.run(DownloadSourcesJob.java:149)
	at org.eclipse.core.internal.jobs.Worker.run(Worker.java:63)
2025-03-26 21:59:35,739 [Worker-10: Download sources and javadoc] INFO  o.e.m.c.i.e.AbstractTransferListenerAdapter - Downloaded https://repo.maven.apache.org/maven2/com/oracle/database/jdbc/ojdbc8/21.5.0.0/ojdbc8-21.5.0.0-sources.jar
2025-03-26 21:59:35,744 [Worker-10: Download sources and javadoc] ERROR o.e.m.j.internal.DownloadSourcesJob - Could not download sources for com.oracle.database.jdbc:ojdbc8:21.5.0.0
org.eclipse.core.runtime.CoreException: Could not resolve artifact com.oracle.database.jdbc:ojdbc8:jar:sources:21.5.0.0
	at org.eclipse.m2e.core.internal.embedder.MavenImpl.lambda$7(MavenImpl.java:540)
	at org.eclipse.m2e.core.internal.embedder.MavenExecutionContext.executeBare(MavenExecutionContext.java:458)
	at org.eclipse.m2e.core.internal.embedder.MavenExecutionContext.execute(MavenExecutionContext.java:292)
	at org.eclipse.m2e.core.internal.embedder.MavenExecutionContext.execute(MavenExecutionContext.java:278)
	at org.eclipse.m2e.core.internal.embedder.MavenImpl.resolve(MavenImpl.java:509)
	at org.eclipse.m2e.core.internal.embedder.MavenImpl.resolve(MavenImpl.java:494)
	at org.eclipse.m2e.jdt.internal.DownloadSourcesJob.download(DownloadSourcesJob.java:308)
	at org.eclipse.m2e.jdt.internal.DownloadSourcesJob.downloadAttachments(DownloadSourcesJob.java:282)
	at org.eclipse.m2e.jdt.internal.DownloadSourcesJob.downloadMaven(DownloadSourcesJob.java:252)
	at org.eclipse.m2e.jdt.internal.DownloadSourcesJob.downloadFilesAndPopulateToUpdate(DownloadSourcesJob.java:220)
	at org.eclipse.m2e.jdt.internal.DownloadSourcesJob.lambda$0(DownloadSourcesJob.java:149)
	at org.eclipse.m2e.core.internal.embedder.MavenExecutionContext.executeBare(MavenExecutionContext.java:458)
	at org.eclipse.m2e.core.internal.embedder.MavenExecutionContext.execute(MavenExecutionContext.java:339)
	at org.eclipse.m2e.core.internal.embedder.MavenExecutionContext.execute(MavenExecutionContext.java:278)
	at org.eclipse.m2e.core.embedder.IMaven.execute(IMaven.java:300)
	at org.eclipse.m2e.jdt.internal.DownloadSourcesJob.run(DownloadSourcesJob.java:149)
	at org.eclipse.core.internal.jobs.Worker.run(Worker.java:63)
2025-04-08 22:12:14,410 [Worker-8: Loading available Gradle versions] INFO  o.e.b.c.i.u.g.PublishedGradleVersions - Gradle version information cache is out-of-date. Trying to update.
2025-04-08 22:12:16,231 [Worker-8: Loading available Gradle versions] INFO  o.e.b.c.i.u.g.PublishedGradleVersions - Updating Gradle version information cache failed. Using outdated cache.
2025-04-08 22:23:51,253 [Worker-14: Launching mavenrun-787443f5-cfeb-45f1-9c99-60ca6b3c2a65] INFO  o.eclipse.m2e.core.internal.Bundles - getClasspathEntries(Bundle=org.eclipse.m2e.maven.runtime_3.9.700.20240602-2313 [647])
2025-04-08 22:23:51,257 [Worker-14: Launching mavenrun-787443f5-cfeb-45f1-9c99-60ca6b3c2a65] INFO  o.eclipse.m2e.core.internal.Bundles - 	Entry: C:\Users\OM\.p2\pool\plugins\org.eclipse.m2e.maven.runtime_3.9.700.20240602-2313
2025-04-08 22:23:51,257 [Worker-14: Launching mavenrun-787443f5-cfeb-45f1-9c99-60ca6b3c2a65] INFO  o.eclipse.m2e.core.internal.Bundles - 	Entry: C:\Users\OM\.p2\pool\plugins\org.eclipse.m2e.maven.runtime_3.9.700.20240602-2313\jars\aopalliance-1.0.jar
2025-04-08 22:23:51,257 [Worker-14: Launching mavenrun-787443f5-cfeb-45f1-9c99-60ca6b3c2a65] INFO  o.eclipse.m2e.core.internal.Bundles - 	Entry: C:\Users\OM\.p2\pool\plugins\org.eclipse.m2e.maven.runtime_3.9.700.20240602-2313\jars\guice-5.1.0.jar
2025-04-08 22:23:51,259 [Worker-14: Launching mavenrun-787443f5-cfeb-45f1-9c99-60ca6b3c2a65] INFO  o.eclipse.m2e.core.internal.Bundles - 	Entry: C:\Users\OM\.p2\pool\plugins\org.eclipse.m2e.maven.runtime_3.9.700.20240602-2313\jars\httpclient-4.5.14.jar
2025-04-08 22:23:51,259 [Worker-14: Launching mavenrun-787443f5-cfeb-45f1-9c99-60ca6b3c2a65] INFO  o.eclipse.m2e.core.internal.Bundles - 	Entry: C:\Users\OM\.p2\pool\plugins\org.eclipse.m2e.maven.runtime_3.9.700.20240602-2313\jars\httpcore-4.4.16.jar
2025-04-08 22:23:51,259 [Worker-14: Launching mavenrun-787443f5-cfeb-45f1-9c99-60ca6b3c2a65] INFO  o.eclipse.m2e.core.internal.Bundles - 	Entry: C:\Users\OM\.p2\pool\plugins\org.eclipse.m2e.maven.runtime_3.9.700.20240602-2313\jars\jansi-2.4.1.jar
2025-04-08 22:23:51,259 [Worker-14: Launching mavenrun-787443f5-cfeb-45f1-9c99-60ca6b3c2a65] INFO  o.eclipse.m2e.core.internal.Bundles - 	Entry: C:\Users\OM\.p2\pool\plugins\org.eclipse.m2e.maven.runtime_3.9.700.20240602-2313\jars\jcl-over-slf4j-1.7.36.jar
2025-04-08 22:23:51,259 [Worker-14: Launching mavenrun-787443f5-cfeb-45f1-9c99-60ca6b3c2a65] INFO  o.eclipse.m2e.core.internal.Bundles - 	Entry: C:\Users\OM\.p2\pool\plugins\org.eclipse.m2e.maven.runtime_3.9.700.20240602-2313\jars\maven-artifact-3.9.7.jar
2025-04-08 22:23:51,260 [Worker-14: Launching mavenrun-787443f5-cfeb-45f1-9c99-60ca6b3c2a65] INFO  o.eclipse.m2e.core.internal.Bundles - 	Entry: C:\Users\OM\.p2\pool\plugins\org.eclipse.m2e.maven.runtime_3.9.700.20240602-2313\jars\maven-builder-support-3.9.7.jar
2025-04-08 22:23:51,260 [Worker-14: Launching mavenrun-787443f5-cfeb-45f1-9c99-60ca6b3c2a65] INFO  o.eclipse.m2e.core.internal.Bundles - 	Entry: C:\Users\OM\.p2\pool\plugins\org.eclipse.m2e.maven.runtime_3.9.700.20240602-2313\jars\maven-compat-3.9.7.jar
2025-04-08 22:23:51,260 [Worker-14: Launching mavenrun-787443f5-cfeb-45f1-9c99-60ca6b3c2a65] INFO  o.eclipse.m2e.core.internal.Bundles - 	Entry: C:\Users\OM\.p2\pool\plugins\org.eclipse.m2e.maven.runtime_3.9.700.20240602-2313\jars\maven-core-3.9.7.jar
2025-04-08 22:23:51,260 [Worker-14: Launching mavenrun-787443f5-cfeb-45f1-9c99-60ca6b3c2a65] INFO  o.eclipse.m2e.core.internal.Bundles - 	Entry: C:\Users\OM\.p2\pool\plugins\org.eclipse.m2e.maven.runtime_3.9.700.20240602-2313\jars\maven-embedder-3.9.7.jar
2025-04-08 22:23:51,260 [Worker-14: Launching mavenrun-787443f5-cfeb-45f1-9c99-60ca6b3c2a65] INFO  o.eclipse.m2e.core.internal.Bundles - 	Entry: C:\Users\OM\.p2\pool\plugins\org.eclipse.m2e.maven.runtime_3.9.700.20240602-2313\jars\maven-model-3.9.7.jar
2025-04-08 22:23:51,260 [Worker-14: Launching mavenrun-787443f5-cfeb-45f1-9c99-60ca6b3c2a65] INFO  o.eclipse.m2e.core.internal.Bundles - 	Entry: C:\Users\OM\.p2\pool\plugins\org.eclipse.m2e.maven.runtime_3.9.700.20240602-2313\jars\maven-model-builder-3.9.7.jar
2025-04-08 22:23:51,260 [Worker-14: Launching mavenrun-787443f5-cfeb-45f1-9c99-60ca6b3c2a65] INFO  o.eclipse.m2e.core.internal.Bundles - 	Entry: C:\Users\OM\.p2\pool\plugins\org.eclipse.m2e.maven.runtime_3.9.700.20240602-2313\jars\maven-plugin-api-3.9.7.jar
2025-04-08 22:23:51,261 [Worker-14: Launching mavenrun-787443f5-cfeb-45f1-9c99-60ca6b3c2a65] INFO  o.eclipse.m2e.core.internal.Bundles - 	Entry: C:\Users\OM\.p2\pool\plugins\org.eclipse.m2e.maven.runtime_3.9.700.20240602-2313\jars\maven-repository-metadata-3.9.7.jar
2025-04-08 22:23:51,261 [Worker-14: Launching mavenrun-787443f5-cfeb-45f1-9c99-60ca6b3c2a65] INFO  o.eclipse.m2e.core.internal.Bundles - 	Entry: C:\Users\OM\.p2\pool\plugins\org.eclipse.m2e.maven.runtime_3.9.700.20240602-2313\jars\maven-resolver-api-1.9.20.jar
2025-04-08 22:23:51,261 [Worker-14: Launching mavenrun-787443f5-cfeb-45f1-9c99-60ca6b3c2a65] INFO  o.eclipse.m2e.core.internal.Bundles - 	Entry: C:\Users\OM\.p2\pool\plugins\org.eclipse.m2e.maven.runtime_3.9.700.20240602-2313\jars\maven-resolver-connector-basic-1.9.20.jar
2025-04-08 22:23:51,261 [Worker-14: Launching mavenrun-787443f5-cfeb-45f1-9c99-60ca6b3c2a65] INFO  o.eclipse.m2e.core.internal.Bundles - 	Entry: C:\Users\OM\.p2\pool\plugins\org.eclipse.m2e.maven.runtime_3.9.700.20240602-2313\jars\maven-resolver-impl-1.9.20.jar
2025-04-08 22:23:51,261 [Worker-14: Launching mavenrun-787443f5-cfeb-45f1-9c99-60ca6b3c2a65] INFO  o.eclipse.m2e.core.internal.Bundles - 	Entry: C:\Users\OM\.p2\pool\plugins\org.eclipse.m2e.maven.runtime_3.9.700.20240602-2313\jars\maven-resolver-named-locks-1.9.20.jar
2025-04-08 22:23:51,262 [Worker-14: Launching mavenrun-787443f5-cfeb-45f1-9c99-60ca6b3c2a65] INFO  o.eclipse.m2e.core.internal.Bundles - 	Entry: C:\Users\OM\.p2\pool\plugins\org.eclipse.m2e.maven.runtime_3.9.700.20240602-2313\jars\maven-resolver-provider-3.9.7.jar
2025-04-08 22:23:51,262 [Worker-14: Launching mavenrun-787443f5-cfeb-45f1-9c99-60ca6b3c2a65] INFO  o.eclipse.m2e.core.internal.Bundles - 	Entry: C:\Users\OM\.p2\pool\plugins\org.eclipse.m2e.maven.runtime_3.9.700.20240602-2313\jars\maven-resolver-spi-1.9.20.jar
2025-04-08 22:23:51,262 [Worker-14: Launching mavenrun-787443f5-cfeb-45f1-9c99-60ca6b3c2a65] INFO  o.eclipse.m2e.core.internal.Bundles - 	Entry: C:\Users\OM\.p2\pool\plugins\org.eclipse.m2e.maven.runtime_3.9.700.20240602-2313\jars\maven-resolver-transport-file-1.9.20.jar
2025-04-08 22:23:51,262 [Worker-14: Launching mavenrun-787443f5-cfeb-45f1-9c99-60ca6b3c2a65] INFO  o.eclipse.m2e.core.internal.Bundles - 	Entry: C:\Users\OM\.p2\pool\plugins\org.eclipse.m2e.maven.runtime_3.9.700.20240602-2313\jars\maven-resolver-transport-http-1.9.20.jar
2025-04-08 22:23:51,262 [Worker-14: Launching mavenrun-787443f5-cfeb-45f1-9c99-60ca6b3c2a65] INFO  o.eclipse.m2e.core.internal.Bundles - 	Entry: C:\Users\OM\.p2\pool\plugins\org.eclipse.m2e.maven.runtime_3.9.700.20240602-2313\jars\maven-resolver-transport-wagon-1.9.20.jar
2025-04-08 22:23:51,262 [Worker-14: Launching mavenrun-787443f5-cfeb-45f1-9c99-60ca6b3c2a65] INFO  o.eclipse.m2e.core.internal.Bundles - 	Entry: C:\Users\OM\.p2\pool\plugins\org.eclipse.m2e.maven.runtime_3.9.700.20240602-2313\jars\maven-resolver-util-1.9.20.jar
2025-04-08 22:23:51,263 [Worker-14: Launching mavenrun-787443f5-cfeb-45f1-9c99-60ca6b3c2a65] INFO  o.eclipse.m2e.core.internal.Bundles - 	Entry: C:\Users\OM\.p2\pool\plugins\org.eclipse.m2e.maven.runtime_3.9.700.20240602-2313\jars\maven-settings-3.9.7.jar
2025-04-08 22:23:51,263 [Worker-14: Launching mavenrun-787443f5-cfeb-45f1-9c99-60ca6b3c2a65] INFO  o.eclipse.m2e.core.internal.Bundles - 	Entry: C:\Users\OM\.p2\pool\plugins\org.eclipse.m2e.maven.runtime_3.9.700.20240602-2313\jars\maven-settings-builder-3.9.7.jar
2025-04-08 22:23:51,263 [Worker-14: Launching mavenrun-787443f5-cfeb-45f1-9c99-60ca6b3c2a65] INFO  o.eclipse.m2e.core.internal.Bundles - 	Entry: C:\Users\OM\.p2\pool\plugins\org.eclipse.m2e.maven.runtime_3.9.700.20240602-2313\jars\maven-shared-utils-3.4.2.jar
2025-04-08 22:23:51,263 [Worker-14: Launching mavenrun-787443f5-cfeb-45f1-9c99-60ca6b3c2a65] INFO  o.eclipse.m2e.core.internal.Bundles - 	Entry: C:\Users\OM\.p2\pool\plugins\org.eclipse.m2e.maven.runtime_3.9.700.20240602-2313\jars\org.eclipse.sisu.inject-0.9.0.M2.jar
2025-04-08 22:23:51,263 [Worker-14: Launching mavenrun-787443f5-cfeb-45f1-9c99-60ca6b3c2a65] INFO  o.eclipse.m2e.core.internal.Bundles - 	Entry: C:\Users\OM\.p2\pool\plugins\org.eclipse.m2e.maven.runtime_3.9.700.20240602-2313\jars\org.eclipse.sisu.plexus-0.9.0.M2.jar
2025-04-08 22:23:51,263 [Worker-14: Launching mavenrun-787443f5-cfeb-45f1-9c99-60ca6b3c2a65] INFO  o.eclipse.m2e.core.internal.Bundles - 	Entry: C:\Users\OM\.p2\pool\plugins\org.eclipse.m2e.maven.runtime_3.9.700.20240602-2313\jars\plexus-build-api-0.0.7.jar
2025-04-08 22:23:51,264 [Worker-14: Launching mavenrun-787443f5-cfeb-45f1-9c99-60ca6b3c2a65] INFO  o.eclipse.m2e.core.internal.Bundles - 	Entry: C:\Users\OM\.p2\pool\plugins\org.eclipse.m2e.maven.runtime_3.9.700.20240602-2313\jars\plexus-build-api-1.2.0.jar
2025-04-08 22:23:51,264 [Worker-14: Launching mavenrun-787443f5-cfeb-45f1-9c99-60ca6b3c2a65] INFO  o.eclipse.m2e.core.internal.Bundles - 	Entry: C:\Users\OM\.p2\pool\plugins\org.eclipse.m2e.maven.runtime_3.9.700.20240602-2313\jars\plexus-cipher-2.0.jar
2025-04-08 22:23:51,264 [Worker-14: Launching mavenrun-787443f5-cfeb-45f1-9c99-60ca6b3c2a65] INFO  o.eclipse.m2e.core.internal.Bundles - 	Entry: C:\Users\OM\.p2\pool\plugins\org.eclipse.m2e.maven.runtime_3.9.700.20240602-2313\jars\plexus-classworlds-2.8.0.jar
2025-04-08 22:23:51,265 [Worker-14: Launching mavenrun-787443f5-cfeb-45f1-9c99-60ca6b3c2a65] INFO  o.eclipse.m2e.core.internal.Bundles - 	Entry: C:\Users\OM\.p2\pool\plugins\org.eclipse.m2e.maven.runtime_3.9.700.20240602-2313\jars\plexus-component-annotations-2.1.0.jar
2025-04-08 22:23:51,265 [Worker-14: Launching mavenrun-787443f5-cfeb-45f1-9c99-60ca6b3c2a65] INFO  o.eclipse.m2e.core.internal.Bundles - 	Entry: C:\Users\OM\.p2\pool\plugins\org.eclipse.m2e.maven.runtime_3.9.700.20240602-2313\jars\plexus-interpolation-1.27.jar
2025-04-08 22:23:51,265 [Worker-14: Launching mavenrun-787443f5-cfeb-45f1-9c99-60ca6b3c2a65] INFO  o.eclipse.m2e.core.internal.Bundles - 	Entry: C:\Users\OM\.p2\pool\plugins\org.eclipse.m2e.maven.runtime_3.9.700.20240602-2313\jars\plexus-sec-dispatcher-2.0.jar
2025-04-08 22:23:51,265 [Worker-14: Launching mavenrun-787443f5-cfeb-45f1-9c99-60ca6b3c2a65] INFO  o.eclipse.m2e.core.internal.Bundles - 	Entry: C:\Users\OM\.p2\pool\plugins\org.eclipse.m2e.maven.runtime_3.9.700.20240602-2313\jars\plexus-utils-3.5.1.jar
2025-04-08 22:23:51,266 [Worker-14: Launching mavenrun-787443f5-cfeb-45f1-9c99-60ca6b3c2a65] INFO  o.eclipse.m2e.core.internal.Bundles - 	Entry: C:\Users\OM\.p2\pool\plugins\org.eclipse.m2e.maven.runtime_3.9.700.20240602-2313\jars\wagon-file-3.5.3.jar
2025-04-08 22:23:51,266 [Worker-14: Launching mavenrun-787443f5-cfeb-45f1-9c99-60ca6b3c2a65] INFO  o.eclipse.m2e.core.internal.Bundles - 	Entry: C:\Users\OM\.p2\pool\plugins\org.eclipse.m2e.maven.runtime_3.9.700.20240602-2313\jars\wagon-http-3.5.3.jar
2025-04-08 22:23:51,266 [Worker-14: Launching mavenrun-787443f5-cfeb-45f1-9c99-60ca6b3c2a65] INFO  o.eclipse.m2e.core.internal.Bundles - 	Entry: C:\Users\OM\.p2\pool\plugins\org.eclipse.m2e.maven.runtime_3.9.700.20240602-2313\jars\wagon-http-shared-3.5.3.jar
2025-04-08 22:23:51,267 [Worker-14: Launching mavenrun-787443f5-cfeb-45f1-9c99-60ca6b3c2a65] INFO  o.eclipse.m2e.core.internal.Bundles - 	Entry: C:\Users\OM\.p2\pool\plugins\org.eclipse.m2e.maven.runtime_3.9.700.20240602-2313\jars\wagon-provider-api-3.5.3.jar
2025-04-08 22:23:51,268 [Worker-14: Launching mavenrun-787443f5-cfeb-45f1-9c99-60ca6b3c2a65] INFO  o.eclipse.m2e.core.internal.Bundles - getClasspathEntries(Bundle=com.google.guava_33.2.0.jre [19])
2025-04-08 22:23:51,269 [Worker-14: Launching mavenrun-787443f5-cfeb-45f1-9c99-60ca6b3c2a65] INFO  o.eclipse.m2e.core.internal.Bundles - 	Entry: C:\Users\OM\.p2\pool\plugins\com.google.guava_33.2.0.jre.jar
2025-04-08 22:23:51,269 [Worker-14: Launching mavenrun-787443f5-cfeb-45f1-9c99-60ca6b3c2a65] INFO  o.eclipse.m2e.core.internal.Bundles - getClasspathEntries(Bundle=slf4j.api_2.0.13 [1087])
2025-04-08 22:23:51,270 [Worker-14: Launching mavenrun-787443f5-cfeb-45f1-9c99-60ca6b3c2a65] INFO  o.eclipse.m2e.core.internal.Bundles - 	Entry: C:\Users\OM\.p2\pool\plugins\slf4j.api_2.0.13.jar
2025-04-08 22:23:51,270 [Worker-14: Launching mavenrun-787443f5-cfeb-45f1-9c99-60ca6b3c2a65] INFO  o.eclipse.m2e.core.internal.Bundles - getClasspathEntries(Bundle=javax.inject_1.0.0.v20091030 [47])
2025-04-08 22:23:51,272 [Worker-14: Launching mavenrun-787443f5-cfeb-45f1-9c99-60ca6b3c2a65] INFO  o.eclipse.m2e.core.internal.Bundles - 	Entry: C:\Users\OM\.p2\pool\plugins\javax.inject_1.0.0.v20091030.jar
2025-04-08 22:23:51,273 [Worker-14: Launching mavenrun-787443f5-cfeb-45f1-9c99-60ca6b3c2a65] INFO  o.eclipse.m2e.core.internal.Bundles - getClasspathEntries(Bundle=javax.annotation_1.3.5.v20200909-1856 [46])
2025-04-08 22:23:51,273 [Worker-14: Launching mavenrun-787443f5-cfeb-45f1-9c99-60ca6b3c2a65] INFO  o.eclipse.m2e.core.internal.Bundles - 	Entry: C:\Users\OM\.p2\pool\plugins\javax.annotation_1.3.5.v20200909-1856.jar
2025-04-08 22:23:51,273 [Worker-14: Launching mavenrun-787443f5-cfeb-45f1-9c99-60ca6b3c2a65] INFO  o.eclipse.m2e.core.internal.Bundles - getClasspathEntries(Bundle=org.apache.commons.cli_1.8.0 [81])
2025-04-08 22:23:51,274 [Worker-14: Launching mavenrun-787443f5-cfeb-45f1-9c99-60ca6b3c2a65] INFO  o.eclipse.m2e.core.internal.Bundles - 	Entry: C:\Users\OM\.p2\pool\plugins\org.apache.commons.cli_1.8.0.jar
2025-04-08 22:23:51,274 [Worker-14: Launching mavenrun-787443f5-cfeb-45f1-9c99-60ca6b3c2a65] INFO  o.eclipse.m2e.core.internal.Bundles - getClasspathEntries(Bundle=org.apache.commons.commons-codec_1.16.0 [84])
2025-04-08 22:23:51,275 [Worker-14: Launching mavenrun-787443f5-cfeb-45f1-9c99-60ca6b3c2a65] INFO  o.eclipse.m2e.core.internal.Bundles - 	Entry: C:\Users\OM\.p2\pool\plugins\org.apache.commons.commons-codec_1.16.0.jar
2025-04-08 22:23:51,275 [Worker-14: Launching mavenrun-787443f5-cfeb-45f1-9c99-60ca6b3c2a65] INFO  o.eclipse.m2e.core.internal.Bundles - getClasspathEntries(Bundle=org.apache.commons.lang3_3.14.0 [94])
2025-04-08 22:23:51,275 [Worker-14: Launching mavenrun-787443f5-cfeb-45f1-9c99-60ca6b3c2a65] INFO  o.eclipse.m2e.core.internal.Bundles - 	Entry: C:\Users\OM\.p2\pool\plugins\org.apache.commons.lang3_3.14.0.jar
2025-04-08 22:23:51,275 [Worker-14: Launching mavenrun-787443f5-cfeb-45f1-9c99-60ca6b3c2a65] INFO  o.eclipse.m2e.core.internal.Bundles - getClasspathEntries(Bundle=com.google.guava.failureaccess_1.0.2 [20])
2025-04-08 22:23:51,277 [Worker-14: Launching mavenrun-787443f5-cfeb-45f1-9c99-60ca6b3c2a65] INFO  o.eclipse.m2e.core.internal.Bundles - 	Entry: C:\Users\OM\.p2\pool\plugins\com.google.guava.failureaccess_1.0.2.jar
2025-04-08 22:23:51,315 [Worker-14: Launching mavenrun-787443f5-cfeb-45f1-9c99-60ca6b3c2a65] INFO  o.e.m.i.launch.MavenLaunchDelegate - Run build in "C:\Users\OM\AppData\Local\Temp\m2e-archetypeGenerator1618572155343738374":
2025-04-08 22:23:51,327 [Worker-14: Launching mavenrun-787443f5-cfeb-45f1-9c99-60ca6b3c2a65] INFO  o.e.m.i.launch.MavenLaunchDelegate -  mvn  -DarchetypeGroupId=org.apache.maven.archetypes -DarchetypeArtifactId=maven-archetype-quickstart -DarchetypeVersion=1.1 -DgroupId=01_Project_01 -DartifactId=test -Dversion=0.0.1-SNAPSHOT -Dpackage=Project_01 -DoutputDirectory=E:\Personal_Project -Dstyle.color=always -U archetype:generate
2025-04-08 22:24:04,292 [Worker-9: Creating maven-archetype-quickstart] INFO  o.e.m.c.i.p.ProjectConfigurationManager - Collecting project info '/pom.xml' E:\Personal_Project\test\pom.xml
2025-04-08 22:24:08,453 [Worker-9: Creating maven-archetype-quickstart] INFO  o.e.m.c.i.l.LifecycleMappingFactory - Using org.eclipse.m2e.jdt.JarLifecycleMapping lifecycle mapping for MavenProject: 01_Project_01:test:0.0.1-SNAPSHOT @ E:\Personal_Project\test\pom.xml.
2025-04-08 22:24:11,331 [Worker-9: Creating maven-archetype-quickstart] INFO  o.e.m.j.i.AbstractJavaProjectConfigurator - Adding source folder /test/src/main/java
2025-04-08 22:24:11,334 [Worker-9: Creating maven-archetype-quickstart] INFO  o.e.m.j.i.AbstractJavaProjectConfigurator - Adding resource folder /test/src/main/resources
2025-04-08 22:24:11,348 [Worker-9: Creating maven-archetype-quickstart] INFO  o.e.m.j.i.AbstractJavaProjectConfigurator - Adding source folder /test/src/test/java
2025-04-08 22:24:11,349 [Worker-9: Creating maven-archetype-quickstart] INFO  o.e.m.j.i.AbstractJavaProjectConfigurator - Adding resource folder /test/src/test/resources
2025-04-08 22:24:11,601 [Worker-9: Creating maven-archetype-quickstart] INFO  o.e.m.c.i.p.ProjectConfigurationManager - Imported and configured 1 project(s) in 7 sec
2025-04-08 22:24:14,575 [Worker-15: Building] INFO  o.a.m.s.f.DefaultMavenResourcesFiltering - skip non existing resourceDirectory E:\Personal_Project\test\src\main\resources
2025-04-08 22:24:14,581 [Worker-15: Building] INFO  o.a.m.s.f.DefaultMavenResourcesFiltering - skip non existing resourceDirectory E:\Personal_Project\test\src\test\resources
2025-04-08 22:28:48,477 [Worker-18: Launching mavenrun-1fc414ba-56b4-4f9e-8e6c-22031df3b352] INFO  o.eclipse.m2e.core.internal.Bundles - getClasspathEntries(Bundle=org.eclipse.m2e.maven.runtime_3.9.700.20240602-2313 [647])
2025-04-08 22:28:48,479 [Worker-18: Launching mavenrun-1fc414ba-56b4-4f9e-8e6c-22031df3b352] INFO  o.eclipse.m2e.core.internal.Bundles - 	Entry: C:\Users\OM\.p2\pool\plugins\org.eclipse.m2e.maven.runtime_3.9.700.20240602-2313
2025-04-08 22:28:48,479 [Worker-18: Launching mavenrun-1fc414ba-56b4-4f9e-8e6c-22031df3b352] INFO  o.eclipse.m2e.core.internal.Bundles - 	Entry: C:\Users\OM\.p2\pool\plugins\org.eclipse.m2e.maven.runtime_3.9.700.20240602-2313\jars\aopalliance-1.0.jar
2025-04-08 22:28:48,480 [Worker-18: Launching mavenrun-1fc414ba-56b4-4f9e-8e6c-22031df3b352] INFO  o.eclipse.m2e.core.internal.Bundles - 	Entry: C:\Users\OM\.p2\pool\plugins\org.eclipse.m2e.maven.runtime_3.9.700.20240602-2313\jars\guice-5.1.0.jar
2025-04-08 22:28:48,480 [Worker-18: Launching mavenrun-1fc414ba-56b4-4f9e-8e6c-22031df3b352] INFO  o.eclipse.m2e.core.internal.Bundles - 	Entry: C:\Users\OM\.p2\pool\plugins\org.eclipse.m2e.maven.runtime_3.9.700.20240602-2313\jars\httpclient-4.5.14.jar
2025-04-08 22:28:48,480 [Worker-18: Launching mavenrun-1fc414ba-56b4-4f9e-8e6c-22031df3b352] INFO  o.eclipse.m2e.core.internal.Bundles - 	Entry: C:\Users\OM\.p2\pool\plugins\org.eclipse.m2e.maven.runtime_3.9.700.20240602-2313\jars\httpcore-4.4.16.jar
2025-04-08 22:28:48,480 [Worker-18: Launching mavenrun-1fc414ba-56b4-4f9e-8e6c-22031df3b352] INFO  o.eclipse.m2e.core.internal.Bundles - 	Entry: C:\Users\OM\.p2\pool\plugins\org.eclipse.m2e.maven.runtime_3.9.700.20240602-2313\jars\jansi-2.4.1.jar
2025-04-08 22:28:48,480 [Worker-18: Launching mavenrun-1fc414ba-56b4-4f9e-8e6c-22031df3b352] INFO  o.eclipse.m2e.core.internal.Bundles - 	Entry: C:\Users\OM\.p2\pool\plugins\org.eclipse.m2e.maven.runtime_3.9.700.20240602-2313\jars\jcl-over-slf4j-1.7.36.jar
2025-04-08 22:28:48,480 [Worker-18: Launching mavenrun-1fc414ba-56b4-4f9e-8e6c-22031df3b352] INFO  o.eclipse.m2e.core.internal.Bundles - 	Entry: C:\Users\OM\.p2\pool\plugins\org.eclipse.m2e.maven.runtime_3.9.700.20240602-2313\jars\maven-artifact-3.9.7.jar
2025-04-08 22:28:48,480 [Worker-18: Launching mavenrun-1fc414ba-56b4-4f9e-8e6c-22031df3b352] INFO  o.eclipse.m2e.core.internal.Bundles - 	Entry: C:\Users\OM\.p2\pool\plugins\org.eclipse.m2e.maven.runtime_3.9.700.20240602-2313\jars\maven-builder-support-3.9.7.jar
2025-04-08 22:28:48,480 [Worker-18: Launching mavenrun-1fc414ba-56b4-4f9e-8e6c-22031df3b352] INFO  o.eclipse.m2e.core.internal.Bundles - 	Entry: C:\Users\OM\.p2\pool\plugins\org.eclipse.m2e.maven.runtime_3.9.700.20240602-2313\jars\maven-compat-3.9.7.jar
2025-04-08 22:28:48,481 [Worker-18: Launching mavenrun-1fc414ba-56b4-4f9e-8e6c-22031df3b352] INFO  o.eclipse.m2e.core.internal.Bundles - 	Entry: C:\Users\OM\.p2\pool\plugins\org.eclipse.m2e.maven.runtime_3.9.700.20240602-2313\jars\maven-core-3.9.7.jar
2025-04-08 22:28:48,481 [Worker-18: Launching mavenrun-1fc414ba-56b4-4f9e-8e6c-22031df3b352] INFO  o.eclipse.m2e.core.internal.Bundles - 	Entry: C:\Users\OM\.p2\pool\plugins\org.eclipse.m2e.maven.runtime_3.9.700.20240602-2313\jars\maven-embedder-3.9.7.jar
2025-04-08 22:28:48,481 [Worker-18: Launching mavenrun-1fc414ba-56b4-4f9e-8e6c-22031df3b352] INFO  o.eclipse.m2e.core.internal.Bundles - 	Entry: C:\Users\OM\.p2\pool\plugins\org.eclipse.m2e.maven.runtime_3.9.700.20240602-2313\jars\maven-model-3.9.7.jar
2025-04-08 22:28:48,481 [Worker-18: Launching mavenrun-1fc414ba-56b4-4f9e-8e6c-22031df3b352] INFO  o.eclipse.m2e.core.internal.Bundles - 	Entry: C:\Users\OM\.p2\pool\plugins\org.eclipse.m2e.maven.runtime_3.9.700.20240602-2313\jars\maven-model-builder-3.9.7.jar
2025-04-08 22:28:48,481 [Worker-18: Launching mavenrun-1fc414ba-56b4-4f9e-8e6c-22031df3b352] INFO  o.eclipse.m2e.core.internal.Bundles - 	Entry: C:\Users\OM\.p2\pool\plugins\org.eclipse.m2e.maven.runtime_3.9.700.20240602-2313\jars\maven-plugin-api-3.9.7.jar
2025-04-08 22:28:48,481 [Worker-18: Launching mavenrun-1fc414ba-56b4-4f9e-8e6c-22031df3b352] INFO  o.eclipse.m2e.core.internal.Bundles - 	Entry: C:\Users\OM\.p2\pool\plugins\org.eclipse.m2e.maven.runtime_3.9.700.20240602-2313\jars\maven-repository-metadata-3.9.7.jar
2025-04-08 22:28:48,481 [Worker-18: Launching mavenrun-1fc414ba-56b4-4f9e-8e6c-22031df3b352] INFO  o.eclipse.m2e.core.internal.Bundles - 	Entry: C:\Users\OM\.p2\pool\plugins\org.eclipse.m2e.maven.runtime_3.9.700.20240602-2313\jars\maven-resolver-api-1.9.20.jar
2025-04-08 22:28:48,481 [Worker-18: Launching mavenrun-1fc414ba-56b4-4f9e-8e6c-22031df3b352] INFO  o.eclipse.m2e.core.internal.Bundles - 	Entry: C:\Users\OM\.p2\pool\plugins\org.eclipse.m2e.maven.runtime_3.9.700.20240602-2313\jars\maven-resolver-connector-basic-1.9.20.jar
2025-04-08 22:28:48,482 [Worker-18: Launching mavenrun-1fc414ba-56b4-4f9e-8e6c-22031df3b352] INFO  o.eclipse.m2e.core.internal.Bundles - 	Entry: C:\Users\OM\.p2\pool\plugins\org.eclipse.m2e.maven.runtime_3.9.700.20240602-2313\jars\maven-resolver-impl-1.9.20.jar
2025-04-08 22:28:48,482 [Worker-18: Launching mavenrun-1fc414ba-56b4-4f9e-8e6c-22031df3b352] INFO  o.eclipse.m2e.core.internal.Bundles - 	Entry: C:\Users\OM\.p2\pool\plugins\org.eclipse.m2e.maven.runtime_3.9.700.20240602-2313\jars\maven-resolver-named-locks-1.9.20.jar
2025-04-08 22:28:48,482 [Worker-18: Launching mavenrun-1fc414ba-56b4-4f9e-8e6c-22031df3b352] INFO  o.eclipse.m2e.core.internal.Bundles - 	Entry: C:\Users\OM\.p2\pool\plugins\org.eclipse.m2e.maven.runtime_3.9.700.20240602-2313\jars\maven-resolver-provider-3.9.7.jar
2025-04-08 22:28:48,482 [Worker-18: Launching mavenrun-1fc414ba-56b4-4f9e-8e6c-22031df3b352] INFO  o.eclipse.m2e.core.internal.Bundles - 	Entry: C:\Users\OM\.p2\pool\plugins\org.eclipse.m2e.maven.runtime_3.9.700.20240602-2313\jars\maven-resolver-spi-1.9.20.jar
2025-04-08 22:28:48,482 [Worker-18: Launching mavenrun-1fc414ba-56b4-4f9e-8e6c-22031df3b352] INFO  o.eclipse.m2e.core.internal.Bundles - 	Entry: C:\Users\OM\.p2\pool\plugins\org.eclipse.m2e.maven.runtime_3.9.700.20240602-2313\jars\maven-resolver-transport-file-1.9.20.jar
2025-04-08 22:28:48,482 [Worker-18: Launching mavenrun-1fc414ba-56b4-4f9e-8e6c-22031df3b352] INFO  o.eclipse.m2e.core.internal.Bundles - 	Entry: C:\Users\OM\.p2\pool\plugins\org.eclipse.m2e.maven.runtime_3.9.700.20240602-2313\jars\maven-resolver-transport-http-1.9.20.jar
2025-04-08 22:28:48,482 [Worker-18: Launching mavenrun-1fc414ba-56b4-4f9e-8e6c-22031df3b352] INFO  o.eclipse.m2e.core.internal.Bundles - 	Entry: C:\Users\OM\.p2\pool\plugins\org.eclipse.m2e.maven.runtime_3.9.700.20240602-2313\jars\maven-resolver-transport-wagon-1.9.20.jar
2025-04-08 22:28:48,482 [Worker-18: Launching mavenrun-1fc414ba-56b4-4f9e-8e6c-22031df3b352] INFO  o.eclipse.m2e.core.internal.Bundles - 	Entry: C:\Users\OM\.p2\pool\plugins\org.eclipse.m2e.maven.runtime_3.9.700.20240602-2313\jars\maven-resolver-util-1.9.20.jar
2025-04-08 22:28:48,482 [Worker-18: Launching mavenrun-1fc414ba-56b4-4f9e-8e6c-22031df3b352] INFO  o.eclipse.m2e.core.internal.Bundles - 	Entry: C:\Users\OM\.p2\pool\plugins\org.eclipse.m2e.maven.runtime_3.9.700.20240602-2313\jars\maven-settings-3.9.7.jar
2025-04-08 22:28:48,482 [Worker-18: Launching mavenrun-1fc414ba-56b4-4f9e-8e6c-22031df3b352] INFO  o.eclipse.m2e.core.internal.Bundles - 	Entry: C:\Users\OM\.p2\pool\plugins\org.eclipse.m2e.maven.runtime_3.9.700.20240602-2313\jars\maven-settings-builder-3.9.7.jar
2025-04-08 22:28:48,483 [Worker-18: Launching mavenrun-1fc414ba-56b4-4f9e-8e6c-22031df3b352] INFO  o.eclipse.m2e.core.internal.Bundles - 	Entry: C:\Users\OM\.p2\pool\plugins\org.eclipse.m2e.maven.runtime_3.9.700.20240602-2313\jars\maven-shared-utils-3.4.2.jar
2025-04-08 22:28:48,483 [Worker-18: Launching mavenrun-1fc414ba-56b4-4f9e-8e6c-22031df3b352] INFO  o.eclipse.m2e.core.internal.Bundles - 	Entry: C:\Users\OM\.p2\pool\plugins\org.eclipse.m2e.maven.runtime_3.9.700.20240602-2313\jars\org.eclipse.sisu.inject-0.9.0.M2.jar
2025-04-08 22:28:48,483 [Worker-18: Launching mavenrun-1fc414ba-56b4-4f9e-8e6c-22031df3b352] INFO  o.eclipse.m2e.core.internal.Bundles - 	Entry: C:\Users\OM\.p2\pool\plugins\org.eclipse.m2e.maven.runtime_3.9.700.20240602-2313\jars\org.eclipse.sisu.plexus-0.9.0.M2.jar
2025-04-08 22:28:48,483 [Worker-18: Launching mavenrun-1fc414ba-56b4-4f9e-8e6c-22031df3b352] INFO  o.eclipse.m2e.core.internal.Bundles - 	Entry: C:\Users\OM\.p2\pool\plugins\org.eclipse.m2e.maven.runtime_3.9.700.20240602-2313\jars\plexus-build-api-0.0.7.jar
2025-04-08 22:28:48,483 [Worker-18: Launching mavenrun-1fc414ba-56b4-4f9e-8e6c-22031df3b352] INFO  o.eclipse.m2e.core.internal.Bundles - 	Entry: C:\Users\OM\.p2\pool\plugins\org.eclipse.m2e.maven.runtime_3.9.700.20240602-2313\jars\plexus-build-api-1.2.0.jar
2025-04-08 22:28:48,487 [Worker-18: Launching mavenrun-1fc414ba-56b4-4f9e-8e6c-22031df3b352] INFO  o.eclipse.m2e.core.internal.Bundles - 	Entry: C:\Users\OM\.p2\pool\plugins\org.eclipse.m2e.maven.runtime_3.9.700.20240602-2313\jars\plexus-cipher-2.0.jar
2025-04-08 22:28:48,487 [Worker-18: Launching mavenrun-1fc414ba-56b4-4f9e-8e6c-22031df3b352] INFO  o.eclipse.m2e.core.internal.Bundles - 	Entry: C:\Users\OM\.p2\pool\plugins\org.eclipse.m2e.maven.runtime_3.9.700.20240602-2313\jars\plexus-classworlds-2.8.0.jar
2025-04-08 22:28:48,487 [Worker-18: Launching mavenrun-1fc414ba-56b4-4f9e-8e6c-22031df3b352] INFO  o.eclipse.m2e.core.internal.Bundles - 	Entry: C:\Users\OM\.p2\pool\plugins\org.eclipse.m2e.maven.runtime_3.9.700.20240602-2313\jars\plexus-component-annotations-2.1.0.jar
2025-04-08 22:28:48,487 [Worker-18: Launching mavenrun-1fc414ba-56b4-4f9e-8e6c-22031df3b352] INFO  o.eclipse.m2e.core.internal.Bundles - 	Entry: C:\Users\OM\.p2\pool\plugins\org.eclipse.m2e.maven.runtime_3.9.700.20240602-2313\jars\plexus-interpolation-1.27.jar
2025-04-08 22:28:48,487 [Worker-18: Launching mavenrun-1fc414ba-56b4-4f9e-8e6c-22031df3b352] INFO  o.eclipse.m2e.core.internal.Bundles - 	Entry: C:\Users\OM\.p2\pool\plugins\org.eclipse.m2e.maven.runtime_3.9.700.20240602-2313\jars\plexus-sec-dispatcher-2.0.jar
2025-04-08 22:28:48,488 [Worker-18: Launching mavenrun-1fc414ba-56b4-4f9e-8e6c-22031df3b352] INFO  o.eclipse.m2e.core.internal.Bundles - 	Entry: C:\Users\OM\.p2\pool\plugins\org.eclipse.m2e.maven.runtime_3.9.700.20240602-2313\jars\plexus-utils-3.5.1.jar
2025-04-08 22:28:48,488 [Worker-18: Launching mavenrun-1fc414ba-56b4-4f9e-8e6c-22031df3b352] INFO  o.eclipse.m2e.core.internal.Bundles - 	Entry: C:\Users\OM\.p2\pool\plugins\org.eclipse.m2e.maven.runtime_3.9.700.20240602-2313\jars\wagon-file-3.5.3.jar
2025-04-08 22:28:48,488 [Worker-18: Launching mavenrun-1fc414ba-56b4-4f9e-8e6c-22031df3b352] INFO  o.eclipse.m2e.core.internal.Bundles - 	Entry: C:\Users\OM\.p2\pool\plugins\org.eclipse.m2e.maven.runtime_3.9.700.20240602-2313\jars\wagon-http-3.5.3.jar
2025-04-08 22:28:48,488 [Worker-18: Launching mavenrun-1fc414ba-56b4-4f9e-8e6c-22031df3b352] INFO  o.eclipse.m2e.core.internal.Bundles - 	Entry: C:\Users\OM\.p2\pool\plugins\org.eclipse.m2e.maven.runtime_3.9.700.20240602-2313\jars\wagon-http-shared-3.5.3.jar
2025-04-08 22:28:48,488 [Worker-18: Launching mavenrun-1fc414ba-56b4-4f9e-8e6c-22031df3b352] INFO  o.eclipse.m2e.core.internal.Bundles - 	Entry: C:\Users\OM\.p2\pool\plugins\org.eclipse.m2e.maven.runtime_3.9.700.20240602-2313\jars\wagon-provider-api-3.5.3.jar
2025-04-08 22:28:48,489 [Worker-18: Launching mavenrun-1fc414ba-56b4-4f9e-8e6c-22031df3b352] INFO  o.eclipse.m2e.core.internal.Bundles - getClasspathEntries(Bundle=com.google.guava_33.2.0.jre [19])
2025-04-08 22:28:48,489 [Worker-18: Launching mavenrun-1fc414ba-56b4-4f9e-8e6c-22031df3b352] INFO  o.eclipse.m2e.core.internal.Bundles - 	Entry: C:\Users\OM\.p2\pool\plugins\com.google.guava_33.2.0.jre.jar
2025-04-08 22:28:48,489 [Worker-18: Launching mavenrun-1fc414ba-56b4-4f9e-8e6c-22031df3b352] INFO  o.eclipse.m2e.core.internal.Bundles - getClasspathEntries(Bundle=slf4j.api_2.0.13 [1087])
2025-04-08 22:28:48,490 [Worker-18: Launching mavenrun-1fc414ba-56b4-4f9e-8e6c-22031df3b352] INFO  o.eclipse.m2e.core.internal.Bundles - 	Entry: C:\Users\OM\.p2\pool\plugins\slf4j.api_2.0.13.jar
2025-04-08 22:28:48,490 [Worker-18: Launching mavenrun-1fc414ba-56b4-4f9e-8e6c-22031df3b352] INFO  o.eclipse.m2e.core.internal.Bundles - getClasspathEntries(Bundle=javax.inject_1.0.0.v20091030 [47])
2025-04-08 22:28:48,491 [Worker-18: Launching mavenrun-1fc414ba-56b4-4f9e-8e6c-22031df3b352] INFO  o.eclipse.m2e.core.internal.Bundles - 	Entry: C:\Users\OM\.p2\pool\plugins\javax.inject_1.0.0.v20091030.jar
2025-04-08 22:28:48,491 [Worker-18: Launching mavenrun-1fc414ba-56b4-4f9e-8e6c-22031df3b352] INFO  o.eclipse.m2e.core.internal.Bundles - getClasspathEntries(Bundle=javax.annotation_1.3.5.v20200909-1856 [46])
2025-04-08 22:28:48,491 [Worker-18: Launching mavenrun-1fc414ba-56b4-4f9e-8e6c-22031df3b352] INFO  o.eclipse.m2e.core.internal.Bundles - 	Entry: C:\Users\OM\.p2\pool\plugins\javax.annotation_1.3.5.v20200909-1856.jar
2025-04-08 22:28:48,491 [Worker-18: Launching mavenrun-1fc414ba-56b4-4f9e-8e6c-22031df3b352] INFO  o.eclipse.m2e.core.internal.Bundles - getClasspathEntries(Bundle=org.apache.commons.cli_1.8.0 [81])
2025-04-08 22:28:48,492 [Worker-18: Launching mavenrun-1fc414ba-56b4-4f9e-8e6c-22031df3b352] INFO  o.eclipse.m2e.core.internal.Bundles - 	Entry: C:\Users\OM\.p2\pool\plugins\org.apache.commons.cli_1.8.0.jar
2025-04-08 22:28:48,492 [Worker-18: Launching mavenrun-1fc414ba-56b4-4f9e-8e6c-22031df3b352] INFO  o.eclipse.m2e.core.internal.Bundles - getClasspathEntries(Bundle=org.apache.commons.commons-codec_1.16.0 [84])
2025-04-08 22:28:48,492 [Worker-18: Launching mavenrun-1fc414ba-56b4-4f9e-8e6c-22031df3b352] INFO  o.eclipse.m2e.core.internal.Bundles - 	Entry: C:\Users\OM\.p2\pool\plugins\org.apache.commons.commons-codec_1.16.0.jar
2025-04-08 22:28:48,493 [Worker-18: Launching mavenrun-1fc414ba-56b4-4f9e-8e6c-22031df3b352] INFO  o.eclipse.m2e.core.internal.Bundles - getClasspathEntries(Bundle=org.apache.commons.lang3_3.14.0 [94])
2025-04-08 22:28:48,493 [Worker-18: Launching mavenrun-1fc414ba-56b4-4f9e-8e6c-22031df3b352] INFO  o.eclipse.m2e.core.internal.Bundles - 	Entry: C:\Users\OM\.p2\pool\plugins\org.apache.commons.lang3_3.14.0.jar
2025-04-08 22:28:48,493 [Worker-18: Launching mavenrun-1fc414ba-56b4-4f9e-8e6c-22031df3b352] INFO  o.eclipse.m2e.core.internal.Bundles - getClasspathEntries(Bundle=com.google.guava.failureaccess_1.0.2 [20])
2025-04-08 22:28:48,494 [Worker-18: Launching mavenrun-1fc414ba-56b4-4f9e-8e6c-22031df3b352] INFO  o.eclipse.m2e.core.internal.Bundles - 	Entry: C:\Users\OM\.p2\pool\plugins\com.google.guava.failureaccess_1.0.2.jar
2025-04-08 22:28:48,501 [Worker-18: Launching mavenrun-1fc414ba-56b4-4f9e-8e6c-22031df3b352] INFO  o.e.m.i.launch.MavenLaunchDelegate - Run build in "C:\Users\OM\AppData\Local\Temp\m2e-archetypeGenerator12631147062985409679":
2025-04-08 22:28:48,502 [Worker-18: Launching mavenrun-1fc414ba-56b4-4f9e-8e6c-22031df3b352] INFO  o.e.m.i.launch.MavenLaunchDelegate -  mvn  -DarchetypeGroupId=org.apache.maven.archetypes -DarchetypeArtifactId=maven-archetype-webapp -DarchetypeVersion=1.0 -DgroupId=01_Project_01 -DartifactId=TestDemo -Dversion=0.0.1-SNAPSHOT -Dpackage=Project_01 -DoutputDirectory=E:\Personal_Project -Dstyle.color=always -U archetype:generate
2025-04-08 22:28:59,247 [Worker-21: Creating maven-archetype-webapp] INFO  o.e.m.c.i.p.ProjectConfigurationManager - Collecting project info '/pom.xml' E:\Personal_Project\TestDemo\pom.xml
2025-04-08 22:28:59,667 [Worker-21: Creating maven-archetype-webapp] INFO  o.e.m.c.i.l.LifecycleMappingFactory - Using org.maven.ide.eclipse.wtp.WarLifecycleMapping lifecycle mapping for MavenProject: 01_Project_01:TestDemo:0.0.1-SNAPSHOT @ E:\Personal_Project\TestDemo\pom.xml.
2025-04-08 22:29:03,044 [Worker-21: Creating maven-archetype-webapp] INFO  o.e.m.j.i.AbstractJavaProjectConfigurator - Adding source folder /TestDemo/src/main/java
2025-04-08 22:29:03,045 [Worker-21: Creating maven-archetype-webapp] INFO  o.e.m.j.i.AbstractJavaProjectConfigurator - Adding resource folder /TestDemo/src/main/resources
2025-04-08 22:29:03,046 [Worker-21: Creating maven-archetype-webapp] INFO  o.e.m.j.i.AbstractJavaProjectConfigurator - Adding source folder /TestDemo/src/test/java
2025-04-08 22:29:03,047 [Worker-21: Creating maven-archetype-webapp] INFO  o.e.m.j.i.AbstractJavaProjectConfigurator - Adding resource folder /TestDemo/src/test/resources
2025-04-08 22:29:04,025 [Worker-21: Creating maven-archetype-webapp] ERROR o.e.m.w.jsf.internal.utils.JSFUtils - An error occurred trying to find javax.faces.webapp.FacesServlet :
java.net.UnknownHostException: java.sun.com
	at java.base/sun.nio.ch.NioSocketImpl.connect(NioSocketImpl.java:567)
	at java.base/java.net.Socket.connect(Socket.java:751)
	at java.base/java.net.Socket.connect(Socket.java:686)
	at java.base/sun.net.NetworkClient.doConnect(NetworkClient.java:183)
	at java.base/sun.net.www.http.HttpClient.openServer(HttpClient.java:531)
	at java.base/sun.net.www.http.HttpClient.openServer(HttpClient.java:636)
	at java.base/sun.net.www.http.HttpClient.<init>(HttpClient.java:280)
	at java.base/sun.net.www.http.HttpClient.New(HttpClient.java:386)
	at java.base/sun.net.www.http.HttpClient.New(HttpClient.java:408)
	at java.base/sun.net.www.protocol.http.HttpURLConnection.getNewHttpClient(HttpURLConnection.java:1304)
	at java.base/sun.net.www.protocol.http.HttpURLConnection.plainConnect0(HttpURLConnection.java:1237)
	at java.base/sun.net.www.protocol.http.HttpURLConnection.plainConnect(HttpURLConnection.java:1123)
	at java.base/sun.net.www.protocol.http.HttpURLConnection.connect(HttpURLConnection.java:1052)
	at java.base/sun.net.www.protocol.http.HttpURLConnection.getInputStream0(HttpURLConnection.java:1675)
	at java.base/sun.net.www.protocol.http.HttpURLConnection.getInputStream(HttpURLConnection.java:1599)
	at java.xml/com.sun.org.apache.xerces.internal.impl.XMLEntityManager.setupCurrentEntity(XMLEntityManager.java:678)
	at java.xml/com.sun.org.apache.xerces.internal.impl.XMLEntityManager.startEntity(XMLEntityManager.java:1398)
	at java.xml/com.sun.org.apache.xerces.internal.impl.XMLEntityManager.startDTDEntity(XMLEntityManager.java:1364)
	at java.xml/com.sun.org.apache.xerces.internal.impl.XMLDTDScannerImpl.setInputSource(XMLDTDScannerImpl.java:257)
	at java.xml/com.sun.org.apache.xerces.internal.impl.XMLDocumentScannerImpl$DTDDriver.dispatch(XMLDocumentScannerImpl.java:1152)
	at java.xml/com.sun.org.apache.xerces.internal.impl.XMLDocumentScannerImpl$DTDDriver.next(XMLDocumentScannerImpl.java:1040)
	at java.xml/com.sun.org.apache.xerces.internal.impl.XMLDocumentScannerImpl$PrologDriver.next(XMLDocumentScannerImpl.java:943)
	at java.xml/com.sun.org.apache.xerces.internal.impl.XMLDocumentScannerImpl.next(XMLDocumentScannerImpl.java:605)
	at java.xml/com.sun.org.apache.xerces.internal.impl.XMLDocumentFragmentScannerImpl.scanDocument(XMLDocumentFragmentScannerImpl.java:542)
	at java.xml/com.sun.org.apache.xerces.internal.parsers.XML11Configuration.parse(XML11Configuration.java:889)
	at java.xml/com.sun.org.apache.xerces.internal.parsers.XML11Configuration.parse(XML11Configuration.java:825)
	at java.xml/com.sun.org.apache.xerces.internal.parsers.XMLParser.parse(XMLParser.java:141)
	at java.xml/com.sun.org.apache.xerces.internal.parsers.DOMParser.parse(DOMParser.java:247)
	at java.xml/com.sun.org.apache.xerces.internal.jaxp.DocumentBuilderImpl.parse(DocumentBuilderImpl.java:342)
	at java.xml/javax.xml.parsers.DocumentBuilder.parse(DocumentBuilder.java:122)
	at org.eclipse.m2e.wtp.jsf.internal.utils.JSFUtils.hasFacesServlet(JSFUtils.java:141)
	at org.eclipse.m2e.wtp.jsf.internal.utils.JSFUtils.hasFacesServlet(JSFUtils.java:117)
	at org.eclipse.m2e.wtp.jsf.internal.configurators.WebXmlJSFFacetDetector.hasFacesServletInWebXml(WebXmlJSFFacetDetector.java:82)
	at org.eclipse.m2e.wtp.jsf.internal.configurators.WebXmlJSFFacetDetector.findFacetVersion(WebXmlJSFFacetDetector.java:57)
	at org.eclipse.m2e.wtp.facets.FacetDetectorManager.findFacetVersion(FacetDetectorManager.java:93)
	at org.eclipse.m2e.wtp.facets.FacetDetectorManager.findFacetVersion(FacetDetectorManager.java:63)
	at org.eclipse.m2e.wtp.jsf.internal.configurators.JSFProjectConfigurator.configureInternal(JSFProjectConfigurator.java:95)
	at org.eclipse.m2e.wtp.jsf.internal.configurators.JSFProjectConfigurator.configure(JSFProjectConfigurator.java:70)
	at org.eclipse.m2e.core.project.configurator.AbstractLifecycleMapping.configure(AbstractLifecycleMapping.java:127)
	at org.eclipse.m2e.core.internal.project.ProjectConfigurationManager.lambda$6(ProjectConfigurationManager.java:506)
	at org.eclipse.m2e.core.internal.embedder.MavenExecutionContext.executeBare(MavenExecutionContext.java:458)
	at org.eclipse.m2e.core.internal.embedder.MavenExecutionContext.execute(MavenExecutionContext.java:339)
	at org.eclipse.m2e.core.internal.project.ProjectConfigurationManager.updateProjectConfiguration(ProjectConfigurationManager.java:500)
	at org.eclipse.m2e.core.internal.project.ProjectConfigurationManager.configureNewMavenProjects(ProjectConfigurationManager.java:279)
	at org.eclipse.m2e.core.internal.project.ProjectConfigurationManager.lambda$1(ProjectConfigurationManager.java:166)
	at org.eclipse.m2e.core.internal.embedder.MavenExecutionContext.executeBare(MavenExecutionContext.java:458)
	at org.eclipse.m2e.core.internal.embedder.MavenExecutionContext.execute(MavenExecutionContext.java:339)
	at org.eclipse.m2e.core.internal.embedder.MavenExecutionContext.execute(MavenExecutionContext.java:278)
	at org.eclipse.m2e.core.internal.project.ProjectConfigurationManager.importProjects(ProjectConfigurationManager.java:139)
	at org.eclipse.m2e.core.ui.internal.wizards.MavenProjectWizard$3.doCreateMavenProjects(MavenProjectWizard.java:251)
	at org.eclipse.m2e.core.ui.internal.wizards.AbstractCreateMavenProjectJob$1.doCreateMavenProjects(AbstractCreateMavenProjectJob.java:51)
	at org.eclipse.m2e.core.ui.internal.wizards.AbstractCreateMavenProjectsOperation.run(AbstractCreateMavenProjectsOperation.java:56)
	at org.eclipse.m2e.core.ui.internal.wizards.AbstractCreateMavenProjectJob.runInWorkspace(AbstractCreateMavenProjectJob.java:55)
	at org.eclipse.core.internal.resources.InternalWorkspaceJob.run(InternalWorkspaceJob.java:43)
	at org.eclipse.core.internal.jobs.Worker.run(Worker.java:63)
2025-04-08 22:29:04,237 [Worker-21: Creating maven-archetype-webapp] INFO  o.e.m.c.i.p.ProjectConfigurationManager - Imported and configured 1 project(s) in 4 sec
2025-04-08 22:29:04,513 [Worker-21: Building] WARN  o.a.m.s.f.DefaultMavenResourcesFiltering - Using platform encoding (UTF-8 actually) to copy filtered resources, i.e. build is platform dependent!
2025-04-08 22:29:04,522 [Worker-21: Building] INFO  o.a.m.s.f.DefaultMavenResourcesFiltering - Copying 0 resource from src\main\resources to target\classes
2025-04-08 22:29:04,529 [Worker-21: Building] WARN  o.a.m.s.f.DefaultMavenResourcesFiltering - Using platform encoding (UTF-8 actually) to copy filtered resources, i.e. build is platform dependent!
2025-04-08 22:29:04,531 [Worker-21: Building] INFO  o.a.m.s.f.DefaultMavenResourcesFiltering - skip non existing resourceDirectory E:\Personal_Project\TestDemo\src\test\resources
2025-04-08 22:29:05,766 [Worker-21: Building] WARN  o.a.m.s.f.DefaultMavenResourcesFiltering - Using platform encoding (UTF-8 actually) to copy filtered resources, i.e. build is platform dependent!
2025-04-08 22:29:05,771 [Worker-21: Building] INFO  o.a.m.s.f.DefaultMavenResourcesFiltering - Copying 0 resource from src\main\resources to target\classes
2025-04-08 22:29:05,775 [Worker-21: Building] WARN  o.a.m.s.f.DefaultMavenResourcesFiltering - Using platform encoding (UTF-8 actually) to copy filtered resources, i.e. build is platform dependent!
2025-04-08 22:29:05,776 [Worker-21: Building] INFO  o.a.m.s.f.DefaultMavenResourcesFiltering - skip non existing resourceDirectory E:\Personal_Project\TestDemo\src\test\resources
2025-04-08 22:31:30,205 [Worker-25: Building] WARN  o.a.m.s.f.DefaultMavenResourcesFiltering - Using platform encoding (UTF-8 actually) to copy filtered resources, i.e. build is platform dependent!
2025-04-08 22:31:30,209 [Worker-25: Building] INFO  o.a.m.s.f.DefaultMavenResourcesFiltering - Copying 0 resource from src\main\resources to target\classes
2025-04-08 22:31:30,215 [Worker-25: Building] WARN  o.a.m.s.f.DefaultMavenResourcesFiltering - Using platform encoding (UTF-8 actually) to copy filtered resources, i.e. build is platform dependent!
2025-04-08 22:31:30,219 [Worker-25: Building] INFO  o.a.m.s.f.DefaultMavenResourcesFiltering - Copying 0 resource from src\test\resources to target\test-classes
